$ storybook build --output-dir /var/folders/x6/b3gvv4mx317bql6xdpy0_csc0000gn/T/chromatic--7421-Oq7Ojc2WI8Fm
@storybook/cli v7.0.6

info => Cleaning outputDir: /var/folders/x6/b3gvv4mx317bql6xdpy0_csc0000gn/T/chromatic--7421-Oq7Ojc2WI8Fm
info => Loading presets
info => Building manager..
info => Manager built (257 ms)
info => Copying static files: /Users/ivanstarcevic/Desktop/Tutoriali/taskbox/node_modules/@storybook/manager/static at /var/folders/x6/b3gvv4mx317bql6xdpy0_csc0000gn/T/chromatic--7421-Oq7Ojc2WI8Fm/sb-common-assets
info => Copying static files: /Users/ivanstarcevic/Desktop/Tutoriali/taskbox/public at /var/folders/x6/b3gvv4mx317bql6xdpy0_csc0000gn/T/chromatic--7421-Oq7Ojc2WI8Fm/
vite v4.2.2 building for production...

./sb-common-assets/fonts.css doesn't exist at build time, it will remain unchanged to be resolved at runtime
transforming...
Use of eval in "node_modules/telejson/dist/index.mjs" is strongly discouraged as it poses security risks and may cause issues with minification.
Use of eval in "node_modules/telejson/dist/index.mjs" is strongly discouraged as it poses security risks and may cause issues with minification.
✓ 1672 modules transformed.
rendering chunks...
warnings when minifying css:
▲ [WARNING] CSS nesting syntax is not supported in the configured target environment ("chrome87", "edge88", "es2020", "firefox78", "safari14") [unsupported-css-nesting]

    <stdin>:36:2:
      36 │   *vertical-align: middle;
         ╵   ^


▲ [WARNING] Expected identifier but found whitespace [css-syntax-error]

    <stdin>:36:18:
      36 │   *vertical-align: middle;
         ╵                   ^


▲ [WARNING] Unexpected ";" [css-syntax-error]

    <stdin>:36:25:
      36 │   *vertical-align: middle;
         ╵                          ^


computing gzip size...
../../../../../var/folders/x6/b3gvv4mx317bql6xdpy0_csc0000gn/T/chromatic--7421-Oq7Ojc2WI8Fm/iframe.html                                          12.59 kB
../../../../../var/folders/x6/b3gvv4mx317bql6xdpy0_csc0000gn/T/chromatic--7421-Oq7Ojc2WI8Fm/assets/percolate-dac75269.ttf                        34.04 kB
../../../../../var/folders/x6/b3gvv4mx317bql6xdpy0_csc0000gn/T/chromatic--7421-Oq7Ojc2WI8Fm/assets/percolate-ec979d96.woff                       34.11 kB
../../../../../var/folders/x6/b3gvv4mx317bql6xdpy0_csc0000gn/T/chromatic--7421-Oq7Ojc2WI8Fm/assets/percolate-5ed633c2.eot                        34.21 kB
../../../../../var/folders/x6/b3gvv4mx317bql6xdpy0_csc0000gn/T/chromatic--7421-Oq7Ojc2WI8Fm/assets/percolate-d13fa91b.svg                       140.51 kB
../../../../../var/folders/x6/b3gvv4mx317bql6xdpy0_csc0000gn/T/chromatic--7421-Oq7Ojc2WI8Fm/assets/preview-7623e708.css                           6.91 kB │ gzip:   2.07 kB
../../../../../var/folders/x6/b3gvv4mx317bql6xdpy0_csc0000gn/T/chromatic--7421-Oq7Ojc2WI8Fm/assets/index-d475d2ea.js                              0.21 kB │ gzip:   0.17 kB │ map:     0.84 kB
../../../../../var/folders/x6/b3gvv4mx317bql6xdpy0_csc0000gn/T/chromatic--7421-Oq7Ojc2WI8Fm/assets/_commonjs-dynamic-modules-302442b1.js          0.30 kB │ gzip:   0.24 kB │ map:     0.12 kB
../../../../../var/folders/x6/b3gvv4mx317bql6xdpy0_csc0000gn/T/chromatic--7421-Oq7Ojc2WI8Fm/assets/WithTooltip-FBT32F6Q-8a4a518f.js               0.55 kB │ gzip:   0.32 kB │ map:     0.11 kB
../../../../../var/folders/x6/b3gvv4mx317bql6xdpy0_csc0000gn/T/chromatic--7421-Oq7Ojc2WI8Fm/assets/syntaxhighlighter-QTQ2UBB4-a858f7d5.js         0.57 kB │ gzip:   0.35 kB │ map:     0.12 kB
../../../../../var/folders/x6/b3gvv4mx317bql6xdpy0_csc0000gn/T/chromatic--7421-Oq7Ojc2WI8Fm/assets/index-6d7aa4ee.js                              0.62 kB │ gzip:   0.38 kB │ map:     4.29 kB
../../../../../var/folders/x6/b3gvv4mx317bql6xdpy0_csc0000gn/T/chromatic--7421-Oq7Ojc2WI8Fm/assets/preview-0435c720.js                            0.69 kB │ gzip:   0.49 kB │ map:     3.84 kB
../../../../../var/folders/x6/b3gvv4mx317bql6xdpy0_csc0000gn/T/chromatic--7421-Oq7Ojc2WI8Fm/assets/_commonjsHelpers-042e6b4d.js                   0.78 kB │ gzip:   0.44 kB │ map:     0.11 kB
../../../../../var/folders/x6/b3gvv4mx317bql6xdpy0_csc0000gn/T/chromatic--7421-Oq7Ojc2WI8Fm/assets/index-4d501b15.js                              0.80 kB │ gzip:   0.52 kB │ map:     4.12 kB
../../../../../var/folders/x6/b3gvv4mx317bql6xdpy0_csc0000gn/T/chromatic--7421-Oq7Ojc2WI8Fm/assets/index-356e4a49.js                              0.81 kB │ gzip:   0.51 kB │ map:     3.27 kB
../../../../../var/folders/x6/b3gvv4mx317bql6xdpy0_csc0000gn/T/chromatic--7421-Oq7Ojc2WI8Fm/assets/preview-32569e08.js                            0.83 kB │ gzip:   0.49 kB │ map:     1.27 kB
../../../../../var/folders/x6/b3gvv4mx317bql6xdpy0_csc0000gn/T/chromatic--7421-Oq7Ojc2WI8Fm/assets/preview-b1164a2e.js                            0.88 kB │ gzip:   0.58 kB │ map:     2.91 kB
../../../../../var/folders/x6/b3gvv4mx317bql6xdpy0_csc0000gn/T/chromatic--7421-Oq7Ojc2WI8Fm/assets/jsx-runtime-9a6f6fa0.js                        1.04 kB │ gzip:   0.65 kB │ map:     2.31 kB
../../../../../var/folders/x6/b3gvv4mx317bql6xdpy0_csc0000gn/T/chromatic--7421-Oq7Ojc2WI8Fm/assets/preview-a589d679.js                            1.06 kB │ gzip:   0.69 kB │ map:     3.14 kB
../../../../../var/folders/x6/b3gvv4mx317bql6xdpy0_csc0000gn/T/chromatic--7421-Oq7Ojc2WI8Fm/assets/Light.stories-6925f75a.js                      1.20 kB │ gzip:   0.58 kB │ map:     0.65 kB
../../../../../var/folders/x6/b3gvv4mx317bql6xdpy0_csc0000gn/T/chromatic--7421-Oq7Ojc2WI8Fm/assets/preview-bb5acd95.js                            2.38 kB │ gzip:   1.26 kB │ map:    10.35 kB
../../../../../var/folders/x6/b3gvv4mx317bql6xdpy0_csc0000gn/T/chromatic--7421-Oq7Ojc2WI8Fm/assets/index-d37d4223.js                              2.63 kB │ gzip:   1.30 kB │ map:     7.47 kB
../../../../../var/folders/x6/b3gvv4mx317bql6xdpy0_csc0000gn/T/chromatic--7421-Oq7Ojc2WI8Fm/assets/Task.stories-3fbafd70.js                       2.85 kB │ gzip:   1.12 kB │ map:     2.68 kB
../../../../../var/folders/x6/b3gvv4mx317bql6xdpy0_csc0000gn/T/chromatic--7421-Oq7Ojc2WI8Fm/assets/preview-f96f0111.js                            3.29 kB │ gzip:   1.41 kB │ map:    10.11 kB
../../../../../var/folders/x6/b3gvv4mx317bql6xdpy0_csc0000gn/T/chromatic--7421-Oq7Ojc2WI8Fm/assets/preview-2a930295.js                            3.78 kB │ gzip:   1.80 kB │ map:    14.56 kB
../../../../../var/folders/x6/b3gvv4mx317bql6xdpy0_csc0000gn/T/chromatic--7421-Oq7Ojc2WI8Fm/assets/iframe-d1a2a4ce.js                             5.22 kB │ gzip:   1.77 kB │ map:     5.73 kB
../../../../../var/folders/x6/b3gvv4mx317bql6xdpy0_csc0000gn/T/chromatic--7421-Oq7Ojc2WI8Fm/assets/index-f1f749bf.js                              7.25 kB │ gzip:   2.96 kB │ map:    15.71 kB
../../../../../var/folders/x6/b3gvv4mx317bql6xdpy0_csc0000gn/T/chromatic--7421-Oq7Ojc2WI8Fm/assets/preview-62235626.js                            7.69 kB │ gzip:   1.60 kB │ map:    13.72 kB
../../../../../var/folders/x6/b3gvv4mx317bql6xdpy0_csc0000gn/T/chromatic--7421-Oq7Ojc2WI8Fm/assets/preview-e6f1f377.js                            7.97 kB │ gzip:   3.03 kB │ map:    28.20 kB
../../../../../var/folders/x6/b3gvv4mx317bql6xdpy0_csc0000gn/T/chromatic--7421-Oq7Ojc2WI8Fm/assets/index-078d3f98.js                             10.06 kB │ gzip:   3.66 kB │ map:    26.49 kB
../../../../../var/folders/x6/b3gvv4mx317bql6xdpy0_csc0000gn/T/chromatic--7421-Oq7Ojc2WI8Fm/assets/GlobalScrollAreaStyles-XIHNDKUY-1ee1c8fe.js   10.53 kB │ gzip:   2.40 kB │ map:    15.72 kB
../../../../../var/folders/x6/b3gvv4mx317bql6xdpy0_csc0000gn/T/chromatic--7421-Oq7Ojc2WI8Fm/assets/preview-8e084d2f.js                           11.13 kB │ gzip:   3.76 kB │ map:    41.78 kB
../../../../../var/folders/x6/b3gvv4mx317bql6xdpy0_csc0000gn/T/chromatic--7421-Oq7Ojc2WI8Fm/assets/Color-3YIJY6X7-06693bf6.js                    31.11 kB │ gzip:  11.69 kB │ map:   112.57 kB
../../../../../var/folders/x6/b3gvv4mx317bql6xdpy0_csc0000gn/T/chromatic--7421-Oq7Ojc2WI8Fm/assets/TaskList.stories-d0649d97.js                  40.29 kB │ gzip:  13.95 kB │ map:   235.26 kB
../../../../../var/folders/x6/b3gvv4mx317bql6xdpy0_csc0000gn/T/chromatic--7421-Oq7Ojc2WI8Fm/assets/OverlayScrollbars-VAV6LJAB-e5975c1b.js        59.11 kB │ gzip:  25.34 kB │ map:   277.22 kB
../../../../../var/folders/x6/b3gvv4mx317bql6xdpy0_csc0000gn/T/chromatic--7421-Oq7Ojc2WI8Fm/assets/_getPrototype-ad889add.js                     78.82 kB │ gzip:  23.65 kB │ map:   326.92 kB
../../../../../var/folders/x6/b3gvv4mx317bql6xdpy0_csc0000gn/T/chromatic--7421-Oq7Ojc2WI8Fm/assets/index-96c5f47c.js                            134.19 kB │ gzip:  43.27 kB │ map:   326.74 kB
../../../../../var/folders/x6/b3gvv4mx317bql6xdpy0_csc0000gn/T/chromatic--7421-Oq7Ojc2WI8Fm/assets/config-c5897f1e.js                           213.66 kB │ gzip:  66.39 kB │ map:   803.01 kB
../../../../../var/folders/x6/b3gvv4mx317bql6xdpy0_csc0000gn/T/chromatic--7421-Oq7Ojc2WI8Fm/assets/InboxScreen.stories-f1de0cbd.js              258.27 kB │ gzip:  60.70 kB │ map:   924.52 kB
../../../../../var/folders/x6/b3gvv4mx317bql6xdpy0_csc0000gn/T/chromatic--7421-Oq7Ojc2WI8Fm/assets/index-7fd7b4cd.js                            337.22 kB │ gzip:  99.41 kB │ map: 1,433.75 kB
../../../../../var/folders/x6/b3gvv4mx317bql6xdpy0_csc0000gn/T/chromatic--7421-Oq7Ojc2WI8Fm/assets/DocsRenderer-7FRJXR4N-cefc4fbf.js            504.82 kB │ gzip: 166.16 kB │ map: 1,436.60 kB
../../../../../var/folders/x6/b3gvv4mx317bql6xdpy0_csc0000gn/T/chromatic--7421-Oq7Ojc2WI8Fm/assets/axe-41d76881.js                              535.59 kB │ gzip: 146.90 kB │ map: 1,918.42 kB
../../../../../var/folders/x6/b3gvv4mx317bql6xdpy0_csc0000gn/T/chromatic--7421-Oq7Ojc2WI8Fm/assets/formatter-S4K5WUZV-01e5cea3.js               601.76 kB │ gzip: 185.09 kB │ map: 1,315.98 kB

(!) Some chunks are larger than 500 kBs after minification. Consider:
- Using dynamic import() to code-split the application
- Use build.rollupOptions.output.manualChunks to improve chunking: https://rollupjs.org/configuration-options/#output-manualchunks
- Adjust chunk size limit for this warning via build.chunkSizeWarningLimit.
✓ built in 15.61s
info => Output directory: /var/folders/x6/b3gvv4mx317bql6xdpy0_csc0000gn/T/chromatic--7421-Oq7Ojc2WI8Fm
